2019-06-11 15:32:26:   <-- GET /images/hubaweapp/1.png
2019-06-11 15:32:26:   --> GET /images/hubaweapp/1.png 200 19ms 17.59kb
2019-06-11 15:32:32:   <-- GET /api/files/list
2019-06-11 15:32:32: ok
2019-06-11 15:32:32: GET /api/files/list - 10ms
2019-06-11 15:32:32:   --> GET /api/files/list 200 14ms 1.26kb
2019-06-11 15:52:55:   <-- GET /api/files/list
2019-06-11 15:52:55: host is localhost:3600
2019-06-11 15:52:55: ok
2019-06-11 15:52:55: GET /api/files/list - 11ms
2019-06-11 15:52:55:   --> GET /api/files/list 200 25ms 1.26kb
2019-06-11 15:57:22:   <-- GET /api/files/list
2019-06-11 15:57:22: host is localhost:3600
2019-06-11 15:57:22: ok
2019-06-11 15:57:22: GET /api/files/list - 3ms
2019-06-11 15:57:22:   --> GET /api/files/list 200 7ms 1.26kb
2019-06-11 15:58:26:   <-- GET /images/hubaweapp/1.png
2019-06-11 15:58:26:   --> GET /images/hubaweapp/1.png 200 4ms 17.59kb
2019-06-11 16:39:08:   <-- GET /api/files/list
2019-06-11 16:39:08: host is localhost:3600
2019-06-11 16:39:08: ok
2019-06-11 16:39:08: GET /api/files/list - 2ms
2019-06-11 16:39:08:   --> GET /api/files/list 200 4ms 1.26kb
